<?xml version="1.0" encoding="UTF-8"?>
<!-- Generated by org.testng.reporters.JUnitReportReporter -->
<testsuite hostname="DESKTOP-OVO3VB7" failures="0" tests="1" name="com.durgasoft.selenium_maven.TestNG.hcServe_JSE" time="11.062" errors="0" timestamp="2023-12-23T09:04:36 IST" skipped="0">
  <testcase classname="com.durgasoft.selenium_maven.TestNG.hcServe_JSE" name="f" time="11.062"/>
</testsuite> <!-- com.durgasoft.selenium_maven.TestNG.hcServe_JSE -->
