<?xml version="1.0" encoding="UTF-8"?>
<!-- Generated by org.testng.reporters.JUnitReportReporter -->
<testsuite hostname="DESKTOP-OVO3VB7" failures="0" tests="1" name="com.durgasoft.selenium_maven.TestNG.BBC_DynamicsLinks" time="62.752" errors="0" timestamp="2024-02-10T09:12:53 IST" skipped="0">
  <testcase classname="com.durgasoft.selenium_maven.TestNG.BBC_DynamicsLinks" name="f" time="62.752"/>
</testsuite> <!-- com.durgasoft.selenium_maven.TestNG.BBC_DynamicsLinks -->
