<?xml version="1.0" encoding="UTF-8"?>
<!-- Generated by org.testng.reporters.JUnitReportReporter -->
<testsuite hostname="DESKTOP-OVO3VB7" failures="0" tests="1" name="com.durgasoft.selenium_maven.TestNG.ReadExcelDataDriverClass" time="0.690" errors="0" timestamp="2024-02-10T22:22:46 IST" skipped="0">
  <testcase classname="com.durgasoft.selenium_maven.TestNG.ReadExcelDataDriverClass" name="f" time="0.690"/>
</testsuite> <!-- com.durgasoft.selenium_maven.TestNG.ReadExcelDataDriverClass -->
