<?xml version="1.0" encoding="UTF-8"?>
<!-- Generated by org.testng.reporters.JUnitReportReporter -->
<testsuite hostname="DESKTOP-OVO3VB7" failures="0" tests="1" name="com.durgasoft.selenium_maven.TestNG.WriteExcelDataByIndex" time="1.347" errors="0" timestamp="2024-02-10T22:01:00 IST" skipped="0">
  <testcase classname="com.durgasoft.selenium_maven.TestNG.WriteExcelDataByIndex" name="f" time="1.347"/>
</testsuite> <!-- com.durgasoft.selenium_maven.TestNG.WriteExcelDataByIndex -->
