<?xml version="1.0" encoding="UTF-8"?>
<!-- Generated by org.testng.reporters.JUnitReportReporter -->
<testsuite hostname="DESKTOP-OVO3VB7" failures="0" tests="1" name="com.durgasoft.selenium_maven.TestNG.ReadDataFromExcelFileByColumnName" time="0.485" errors="0" timestamp="2023-12-23T21:37:48 IST" skipped="0">
  <testcase classname="com.durgasoft.selenium_maven.TestNG.ReadDataFromExcelFileByColumnName" name="f" time="0.485"/>
</testsuite> <!-- com.durgasoft.selenium_maven.TestNG.ReadDataFromExcelFileByColumnName -->
