<?xml version="1.0" encoding="UTF-8"?>
<!-- Generated by org.testng.reporters.JUnitReportReporter -->
<testsuite hostname="DESKTOP-OVO3VB7" failures="0" tests="4" name="com.durgasoft.selenium_maven.TestNG.Mouse_KeyBoard_Operations" time="0.506" errors="0" timestamp="2023-12-23T09:44:44 IST" skipped="3">
  <testcase classname="com.durgasoft.selenium_maven.TestNG.Mouse_KeyBoard_Operations" name="Slider" time="0.506"/>
  <testcase classname="com.durgasoft.selenium_maven.TestNG.Mouse_KeyBoard_Operations" name="rightClickonElement">
    <skipped/>
  </testcase> <!-- rightClickonElement -->
  <testcase classname="com.durgasoft.selenium_maven.TestNG.Mouse_KeyBoard_Operations" name="dragNdrop">
    <skipped/>
  </testcase> <!-- dragNdrop -->
  <testcase classname="com.durgasoft.selenium_maven.TestNG.Mouse_KeyBoard_Operations" name="resizeObject">
    <skipped/>
  </testcase> <!-- resizeObject -->
</testsuite> <!-- com.durgasoft.selenium_maven.TestNG.Mouse_KeyBoard_Operations -->
