<?xml version="1.0" encoding="UTF-8"?>
<!-- Generated by org.testng.reporters.JUnitReportReporter -->
<testsuite hostname="DESKTOP-OVO3VB7" failures="0" tests="1" name="com.durgasoft.selenium_maven.TestNG.WriteExcelDataByColumnName" time="1.438" errors="0" timestamp="2024-02-10T22:12:13 IST" skipped="0">
  <testcase classname="com.durgasoft.selenium_maven.TestNG.WriteExcelDataByColumnName" name="f" time="1.438"/>
</testsuite> <!-- com.durgasoft.selenium_maven.TestNG.WriteExcelDataByColumnName -->
